mode: set
github.com/amirography/ewwgo/box.go:4.38,10.27 4 1
github.com/amirography/ewwgo/box.go:14.2,14.11 1 1
github.com/amirography/ewwgo/box.go:10.27,12.3 1 1
github.com/amirography/ewwgo/label.go:3.40,9.27 4 1
github.com/amirography/ewwgo/label.go:13.2,13.11 1 1
github.com/amirography/ewwgo/label.go:9.27,11.3 1 1
github.com/amirography/ewwgo/progress.go:3.43,9.27 4 1
github.com/amirography/ewwgo/progress.go:13.2,13.11 1 1
github.com/amirography/ewwgo/progress.go:9.27,11.3 1 1
github.com/amirography/ewwgo/attribute.go:19.37,22.12 2 1
github.com/amirography/ewwgo/attribute.go:26.2,26.46 1 1
github.com/amirography/ewwgo/attribute.go:22.12,24.3 1 1
github.com/amirography/ewwgo/attribute.go:31.59,32.19 1 1
github.com/amirography/ewwgo/attribute.go:37.2,37.21 1 1
github.com/amirography/ewwgo/attribute.go:42.2,42.54 1 1
github.com/amirography/ewwgo/attribute.go:32.19,35.3 1 1
github.com/amirography/ewwgo/attribute.go:37.21,40.3 1 1
github.com/amirography/ewwgo/attribute.go:48.68,50.34 2 1
github.com/amirography/ewwgo/attribute.go:54.2,54.10 1 1
github.com/amirography/ewwgo/attribute.go:50.34,52.3 1 1
github.com/amirography/ewwgo/expander.go:3.43,9.27 4 1
github.com/amirography/ewwgo/expander.go:13.2,13.11 1 1
github.com/amirography/ewwgo/expander.go:9.27,11.3 1 1
github.com/amirography/ewwgo/scale.go:3.40,9.27 4 1
github.com/amirography/ewwgo/scale.go:13.2,13.11 1 1
github.com/amirography/ewwgo/scale.go:9.27,11.3 1 1
github.com/amirography/ewwgo/widget.go:18.36,24.33 3 1
github.com/amirography/ewwgo/widget.go:29.2,29.31 1 1
github.com/amirography/ewwgo/widget.go:34.2,36.10 2 1
github.com/amirography/ewwgo/widget.go:24.33,27.3 2 1
github.com/amirography/ewwgo/widget.go:29.31,32.3 2 1
github.com/amirography/ewwgo/widgetOptions.go:5.50,6.27 1 1
github.com/amirography/ewwgo/widgetOptions.go:9.2,9.10 1 1
github.com/amirography/ewwgo/widgetOptions.go:6.27,8.3 1 1
github.com/amirography/ewwgo/boxOptions.go:9.30,10.27 1 1
github.com/amirography/ewwgo/boxOptions.go:10.27,14.3 3 1
github.com/amirography/ewwgo/boxOptions.go:17.35,18.27 1 1
github.com/amirography/ewwgo/boxOptions.go:18.27,22.3 3 1
github.com/amirography/ewwgo/children.go:3.47,4.25 1 1
github.com/amirography/ewwgo/children.go:4.25,5.34 1 1
github.com/amirography/ewwgo/children.go:5.34,7.4 1 1
github.com/amirography/ewwgo/general.go:15.31,16.27 1 1
github.com/amirography/ewwgo/general.go:16.27,20.3 3 1
github.com/amirography/ewwgo/general.go:23.35,24.27 1 1
github.com/amirography/ewwgo/general.go:24.27,28.3 3 1
github.com/amirography/ewwgo/general.go:31.35,32.27 1 1
github.com/amirography/ewwgo/general.go:32.27,36.3 3 1
github.com/amirography/ewwgo/general.go:39.31,40.27 1 1
github.com/amirography/ewwgo/general.go:40.27,44.3 3 1
github.com/amirography/ewwgo/general.go:47.31,48.27 1 1
github.com/amirography/ewwgo/general.go:48.27,52.3 3 1
github.com/amirography/ewwgo/general.go:55.28,56.27 1 1
github.com/amirography/ewwgo/general.go:56.27,60.3 3 1
github.com/amirography/ewwgo/general.go:63.29,64.27 1 1
github.com/amirography/ewwgo/general.go:64.27,68.3 3 1
github.com/amirography/ewwgo/general.go:71.30,72.27 1 1
github.com/amirography/ewwgo/general.go:72.27,76.3 3 1
github.com/amirography/ewwgo/general.go:79.31,80.27 1 1
github.com/amirography/ewwgo/general.go:80.27,84.3 3 1
github.com/amirography/ewwgo/general.go:87.33,88.27 1 1
github.com/amirography/ewwgo/general.go:88.27,92.3 3 1
github.com/amirography/ewwgo/general.go:95.46,98.23 2 1
github.com/amirography/ewwgo/general.go:102.2,102.10 1 1
github.com/amirography/ewwgo/general.go:98.23,100.3 1 1
github.com/amirography/ewwgo/general.go:105.42,106.27 1 1
github.com/amirography/ewwgo/general.go:106.27,110.3 3 1
github.com/amirography/ewwgo/orientation.go:14.46,15.27 1 1
github.com/amirography/ewwgo/orientation.go:15.27,19.3 3 1
